  Camera.cpp
  DirectionalLight.cpp
  Light.cpp
C:\Users\Asus\Desktop\Todo\Git Programming 2\ProyectoFinal_LabCG02\ProyectoFinal\ProyectoFinal\DirectionalLight.cpp(18,14): warning C4244: 'argumento': conversión de 'GLfloat' a 'GLint'; posible pérdida de datos
C:\Users\Asus\Desktop\Todo\Git Programming 2\ProyectoFinal_LabCG02\ProyectoFinal\ProyectoFinal\DirectionalLight.cpp(19,14): warning C4244: 'argumento': conversión de 'GLfloat' a 'GLint'; posible pérdida de datos
C:\Users\Asus\Desktop\Todo\Git Programming 2\ProyectoFinal_LabCG02\ProyectoFinal\ProyectoFinal\DirectionalLight.cpp(21,14): warning C4244: 'argumento': conversión de 'GLfloat' a 'GLint'; posible pérdida de datos
C:\Users\Asus\Desktop\Todo\Git Programming 2\ProyectoFinal_LabCG02\ProyectoFinal\ProyectoFinal\DirectionalLight.cpp(22,14): warning C4244: 'argumento': conversión de 'GLfloat' a 'GLint'; posible pérdida de datos
  Material.cpp
  Mesh_tn.cpp
  Model.cpp
C:\Users\Asus\Desktop\Todo\Git Programming 2\ProyectoFinal_LabCG02\ProyectoFinal\ProyectoFinal\Model.cpp(16,88): warning C4474: "printf": se pasaron demasiados argumentos para la cadena de formato
C:\Users\Asus\Desktop\Todo\Git Programming 2\ProyectoFinal_LabCG02\ProyectoFinal\ProyectoFinal\Model.cpp(51,7): warning C4804: '<': uso no seguro del tipo 'bool' en la operación
C:\Users\Asus\Desktop\Todo\Git Programming 2\ProyectoFinal_LabCG02\ProyectoFinal\ProyectoFinal\Model.cpp(110,78): warning C4267: 'argumento': conversión de 'size_t' a 'unsigned int'; posible pérdida de datos
C:\Users\Asus\Desktop\Todo\Git Programming 2\ProyectoFinal_LabCG02\ProyectoFinal\ProyectoFinal\Model.cpp(110,62): warning C4267: 'argumento': conversión de 'size_t' a 'unsigned int'; posible pérdida de datos
C:\Users\Asus\Desktop\Todo\Git Programming 2\ProyectoFinal_LabCG02\ProyectoFinal\ProyectoFinal\Model.cpp(133,40): warning C4267: '=': conversión de 'size_t' a 'int'; posible pérdida de datos
  PointLight.cpp
C:\Users\Asus\Desktop\Todo\Git Programming 2\ProyectoFinal_LabCG02\ProyectoFinal\ProyectoFinal\PointLight.cpp(28,14): warning C4244: 'argumento': conversión de 'GLfloat' a 'GLint'; posible pérdida de datos
C:\Users\Asus\Desktop\Todo\Git Programming 2\ProyectoFinal_LabCG02\ProyectoFinal\ProyectoFinal\PointLight.cpp(29,14): warning C4244: 'argumento': conversión de 'GLfloat' a 'GLint'; posible pérdida de datos
C:\Users\Asus\Desktop\Todo\Git Programming 2\ProyectoFinal_LabCG02\ProyectoFinal\ProyectoFinal\PointLight.cpp(30,14): warning C4244: 'argumento': conversión de 'GLfloat' a 'GLint'; posible pérdida de datos
C:\Users\Asus\Desktop\Todo\Git Programming 2\ProyectoFinal_LabCG02\ProyectoFinal\ProyectoFinal\PointLight.cpp(32,14): warning C4244: 'argumento': conversión de 'GLfloat' a 'GLint'; posible pérdida de datos
C:\Users\Asus\Desktop\Todo\Git Programming 2\ProyectoFinal_LabCG02\ProyectoFinal\ProyectoFinal\PointLight.cpp(33,14): warning C4244: 'argumento': conversión de 'GLfloat' a 'GLint'; posible pérdida de datos
C:\Users\Asus\Desktop\Todo\Git Programming 2\ProyectoFinal_LabCG02\ProyectoFinal\ProyectoFinal\PointLight.cpp(34,14): warning C4244: 'argumento': conversión de 'GLfloat' a 'GLint'; posible pérdida de datos
C:\Users\Asus\Desktop\Todo\Git Programming 2\ProyectoFinal_LabCG02\ProyectoFinal\ProyectoFinal\PointLight.cpp(35,14): warning C4244: 'argumento': conversión de 'GLfloat' a 'GLint'; posible pérdida de datos
  practica7.cpp
C:\Users\Asus\Desktop\Todo\Git Programming 2\ProyectoFinal_LabCG02\ProyectoFinal\ProyectoFinal\Window.h(12,36): warning C4244: 'return': conversión de 'GLint' a 'GLfloat'; posible pérdida de datos
C:\Users\Asus\Desktop\Todo\Git Programming 2\ProyectoFinal_LabCG02\ProyectoFinal\ProyectoFinal\Window.h(13,37): warning C4244: 'return': conversión de 'GLint' a 'GLfloat'; posible pérdida de datos
C:\Users\Asus\Desktop\Todo\Git Programming 2\ProyectoFinal_LabCG02\ProyectoFinal\ProyectoFinal\practica7.cpp(103,24): warning C4267: 'inicializando': conversión de 'size_t' a 'unsigned int'; posible pérdida de datos
C:\Users\Asus\Desktop\Todo\Git Programming 2\ProyectoFinal_LabCG02\ProyectoFinal\ProyectoFinal\practica7.cpp(352,15): warning C4244: 'inicializando': conversión de 'double' a 'GLfloat'; posible pérdida de datos
C:\Users\Asus\Desktop\Todo\Git Programming 2\ProyectoFinal_LabCG02\ProyectoFinal\ProyectoFinal\practica7.cpp(354,33): warning C4244: '+=': conversión de 'double' a 'GLfloat'; posible pérdida de datos
  Shader_light.cpp
C:\Users\Asus\Desktop\Todo\Git Programming 2\ProyectoFinal_LabCG02\ProyectoFinal\ProyectoFinal\Shader_light.cpp(101,38): warning C4477: 'snprintf' : la cadena de formato '%d' requiere un argumento de tipo 'int', pero el argumento variádico 1 tiene el tipo 'size_t'
C:\Users\Asus\Desktop\Todo\Git Programming 2\ProyectoFinal_LabCG02\ProyectoFinal\ProyectoFinal\Shader_light.cpp(104,38): warning C4477: 'snprintf' : la cadena de formato '%d' requiere un argumento de tipo 'int', pero el argumento variádico 1 tiene el tipo 'size_t'
C:\Users\Asus\Desktop\Todo\Git Programming 2\ProyectoFinal_LabCG02\ProyectoFinal\ProyectoFinal\Shader_light.cpp(107,38): warning C4477: 'snprintf' : la cadena de formato '%d' requiere un argumento de tipo 'int', pero el argumento variádico 1 tiene el tipo 'size_t'
C:\Users\Asus\Desktop\Todo\Git Programming 2\ProyectoFinal_LabCG02\ProyectoFinal\ProyectoFinal\Shader_light.cpp(110,38): warning C4477: 'snprintf' : la cadena de formato '%d' requiere un argumento de tipo 'int', pero el argumento variádico 1 tiene el tipo 'size_t'
C:\Users\Asus\Desktop\Todo\Git Programming 2\ProyectoFinal_LabCG02\ProyectoFinal\ProyectoFinal\Shader_light.cpp(113,38): warning C4477: 'snprintf' : la cadena de formato '%d' requiere un argumento de tipo 'int', pero el argumento variádico 1 tiene el tipo 'size_t'
C:\Users\Asus\Desktop\Todo\Git Programming 2\ProyectoFinal_LabCG02\ProyectoFinal\ProyectoFinal\Shader_light.cpp(116,38): warning C4477: 'snprintf' : la cadena de formato '%d' requiere un argumento de tipo 'int', pero el argumento variádico 1 tiene el tipo 'size_t'
C:\Users\Asus\Desktop\Todo\Git Programming 2\ProyectoFinal_LabCG02\ProyectoFinal\ProyectoFinal\Shader_light.cpp(119,38): warning C4477: 'snprintf' : la cadena de formato '%d' requiere un argumento de tipo 'int', pero el argumento variádico 1 tiene el tipo 'size_t'
C:\Users\Asus\Desktop\Todo\Git Programming 2\ProyectoFinal_LabCG02\ProyectoFinal\ProyectoFinal\Shader_light.cpp(129,38): warning C4477: 'snprintf' : la cadena de formato '%d' requiere un argumento de tipo 'int', pero el argumento variádico 1 tiene el tipo 'size_t'
C:\Users\Asus\Desktop\Todo\Git Programming 2\ProyectoFinal_LabCG02\ProyectoFinal\ProyectoFinal\Shader_light.cpp(132,38): warning C4477: 'snprintf' : la cadena de formato '%d' requiere un argumento de tipo 'int', pero el argumento variádico 1 tiene el tipo 'size_t'
C:\Users\Asus\Desktop\Todo\Git Programming 2\ProyectoFinal_LabCG02\ProyectoFinal\ProyectoFinal\Shader_light.cpp(135,38): warning C4477: 'snprintf' : la cadena de formato '%d' requiere un argumento de tipo 'int', pero el argumento variádico 1 tiene el tipo 'size_t'
C:\Users\Asus\Desktop\Todo\Git Programming 2\ProyectoFinal_LabCG02\ProyectoFinal\ProyectoFinal\Shader_light.cpp(138,38): warning C4477: 'snprintf' : la cadena de formato '%d' requiere un argumento de tipo 'int', pero el argumento variádico 1 tiene el tipo 'size_t'
C:\Users\Asus\Desktop\Todo\Git Programming 2\ProyectoFinal_LabCG02\ProyectoFinal\ProyectoFinal\Shader_light.cpp(141,38): warning C4477: 'snprintf' : la cadena de formato '%d' requiere un argumento de tipo 'int', pero el argumento variádico 1 tiene el tipo 'size_t'
C:\Users\Asus\Desktop\Todo\Git Programming 2\ProyectoFinal_LabCG02\ProyectoFinal\ProyectoFinal\Shader_light.cpp(144,38): warning C4477: 'snprintf' : la cadena de formato '%d' requiere un argumento de tipo 'int', pero el argumento variádico 1 tiene el tipo 'size_t'
C:\Users\Asus\Desktop\Todo\Git Programming 2\ProyectoFinal_LabCG02\ProyectoFinal\ProyectoFinal\Shader_light.cpp(147,38): warning C4477: 'snprintf' : la cadena de formato '%d' requiere un argumento de tipo 'int', pero el argumento variádico 1 tiene el tipo 'size_t'
C:\Users\Asus\Desktop\Todo\Git Programming 2\ProyectoFinal_LabCG02\ProyectoFinal\ProyectoFinal\Shader_light.cpp(150,38): warning C4477: 'snprintf' : la cadena de formato '%d' requiere un argumento de tipo 'int', pero el argumento variádico 1 tiene el tipo 'size_t'
C:\Users\Asus\Desktop\Todo\Git Programming 2\ProyectoFinal_LabCG02\ProyectoFinal\ProyectoFinal\Shader_light.cpp(153,38): warning C4477: 'snprintf' : la cadena de formato '%d' requiere un argumento de tipo 'int', pero el argumento variádico 1 tiene el tipo 'size_t'
C:\Users\Asus\Desktop\Todo\Git Programming 2\ProyectoFinal_LabCG02\ProyectoFinal\ProyectoFinal\Shader_light.cpp(207,75): warning C4244: 'argumento': conversión de 'GLuint' a 'GLfloat'; posible pérdida de datos
C:\Users\Asus\Desktop\Todo\Git Programming 2\ProyectoFinal_LabCG02\ProyectoFinal\ProyectoFinal\Shader_light.cpp(207,26): warning C4244: 'argumento': conversión de 'GLuint' a 'GLfloat'; posible pérdida de datos
C:\Users\Asus\Desktop\Todo\Git Programming 2\ProyectoFinal_LabCG02\ProyectoFinal\ProyectoFinal\Shader_light.cpp(206,91): warning C4244: 'argumento': conversión de 'GLuint' a 'GLfloat'; posible pérdida de datos
C:\Users\Asus\Desktop\Todo\Git Programming 2\ProyectoFinal_LabCG02\ProyectoFinal\ProyectoFinal\Shader_light.cpp(206,42): warning C4244: 'argumento': conversión de 'GLuint' a 'GLfloat'; posible pérdida de datos
C:\Users\Asus\Desktop\Todo\Git Programming 2\ProyectoFinal_LabCG02\ProyectoFinal\ProyectoFinal\Shader_light.cpp(220,98): warning C4244: 'argumento': conversión de 'GLuint' a 'GLfloat'; posible pérdida de datos
C:\Users\Asus\Desktop\Todo\Git Programming 2\ProyectoFinal_LabCG02\ProyectoFinal\ProyectoFinal\Shader_light.cpp(220,62): warning C4244: 'argumento': conversión de 'GLuint' a 'GLfloat'; posible pérdida de datos
C:\Users\Asus\Desktop\Todo\Git Programming 2\ProyectoFinal_LabCG02\ProyectoFinal\ProyectoFinal\Shader_light.cpp(220,24): warning C4244: 'argumento': conversión de 'GLuint' a 'GLfloat'; posible pérdida de datos
C:\Users\Asus\Desktop\Todo\Git Programming 2\ProyectoFinal_LabCG02\ProyectoFinal\ProyectoFinal\Shader_light.cpp(219,70): warning C4244: 'argumento': conversión de 'GLuint' a 'GLfloat'; posible pérdida de datos
C:\Users\Asus\Desktop\Todo\Git Programming 2\ProyectoFinal_LabCG02\ProyectoFinal\ProyectoFinal\Shader_light.cpp(219,24): warning C4244: 'argumento': conversión de 'GLuint' a 'GLfloat'; posible pérdida de datos
C:\Users\Asus\Desktop\Todo\Git Programming 2\ProyectoFinal_LabCG02\ProyectoFinal\ProyectoFinal\Shader_light.cpp(218,88): warning C4244: 'argumento': conversión de 'GLuint' a 'GLfloat'; posible pérdida de datos
C:\Users\Asus\Desktop\Todo\Git Programming 2\ProyectoFinal_LabCG02\ProyectoFinal\ProyectoFinal\Shader_light.cpp(218,42): warning C4244: 'argumento': conversión de 'GLuint' a 'GLfloat'; posible pérdida de datos
C:\Users\Asus\Desktop\Todo\Git Programming 2\ProyectoFinal_LabCG02\ProyectoFinal\ProyectoFinal\Shader_light.cpp(269,24): warning C4267: '=': conversión de 'size_t' a 'GLint'; posible pérdida de datos
  Shader_m.cpp
C:\Users\Asus\Desktop\Todo\Git Programming 2\ProyectoFinal_LabCG02\ProyectoFinal\ProyectoFinal\Shader_m.cpp(139,24): warning C4267: '=': conversión de 'size_t' a 'GLint'; posible pérdida de datos
  Skybox.cpp
C:\Users\Asus\Desktop\Todo\Git Programming 2\ProyectoFinal_LabCG02\ProyectoFinal\ProyectoFinal\Skybox.cpp(30,47): warning C4267: 'argumento': conversión de 'size_t' a 'GLenum'; posible pérdida de datos
  Sphere.cpp
C:\Users\Asus\Desktop\Todo\Git Programming 2\ProyectoFinal_LabCG02\ProyectoFinal\ProyectoFinal\Sphere.cpp(39,13): warning C4244: 'inicializando': conversión de 'double' a 'float'; posible pérdida de datos
C:\Users\Asus\Desktop\Todo\Git Programming 2\ProyectoFinal_LabCG02\ProyectoFinal\ProyectoFinal\Sphere.cpp(43,16): warning C4244: 'inicializando': conversión de 'double' a 'float'; posible pérdida de datos
C:\Users\Asus\Desktop\Todo\Git Programming 2\ProyectoFinal_LabCG02\ProyectoFinal\ProyectoFinal\Sphere.cpp(91,50): warning C4267: 'argumento': conversión de 'size_t' a 'GLsizei'; posible pérdida de datos
C:\Users\Asus\Desktop\Todo\Git Programming 2\ProyectoFinal_LabCG02\ProyectoFinal\ProyectoFinal\Sphere.cpp(94,51): warning C4267: 'argumento': conversión de 'size_t' a 'GLsizei'; posible pérdida de datos
C:\Users\Asus\Desktop\Todo\Git Programming 2\ProyectoFinal_LabCG02\ProyectoFinal\ProyectoFinal\Sphere.cpp(98,50): warning C4267: 'argumento': conversión de 'size_t' a 'GLsizei'; posible pérdida de datos
C:\Users\Asus\Desktop\Todo\Git Programming 2\ProyectoFinal_LabCG02\ProyectoFinal\ProyectoFinal\Sphere.cpp(108,42): warning C4267: 'argumento': conversión de 'size_t' a 'GLsizei'; posible pérdida de datos
  SpotLight.cpp
  Texture.cpp
  Window.cpp
C:\Users\Asus\Desktop\Todo\Git Programming 2\ProyectoFinal_LabCG02\ProyectoFinal\ProyectoFinal\Window.h(12,36): warning C4244: 'return': conversión de 'GLint' a 'GLfloat'; posible pérdida de datos
C:\Users\Asus\Desktop\Todo\Git Programming 2\ProyectoFinal_LabCG02\ProyectoFinal\ProyectoFinal\Window.h(13,37): warning C4244: 'return': conversión de 'GLint' a 'GLfloat'; posible pérdida de datos
C:\Users\Asus\Desktop\Todo\Git Programming 2\ProyectoFinal_LabCG02\ProyectoFinal\ProyectoFinal\Window.cpp(139,22): warning C4244: '=': conversión de 'double' a 'GLfloat'; posible pérdida de datos
C:\Users\Asus\Desktop\Todo\Git Programming 2\ProyectoFinal_LabCG02\ProyectoFinal\ProyectoFinal\Window.cpp(140,22): warning C4244: '=': conversión de 'double' a 'GLfloat'; posible pérdida de datos
C:\Users\Asus\Desktop\Todo\Git Programming 2\ProyectoFinal_LabCG02\ProyectoFinal\ProyectoFinal\Window.cpp(144,28): warning C4244: '=': conversión de 'double' a 'GLfloat'; posible pérdida de datos
C:\Users\Asus\Desktop\Todo\Git Programming 2\ProyectoFinal_LabCG02\ProyectoFinal\ProyectoFinal\Window.cpp(145,40): warning C4244: '=': conversión de 'double' a 'GLfloat'; posible pérdida de datos
C:\Users\Asus\Desktop\Todo\Git Programming 2\ProyectoFinal_LabCG02\ProyectoFinal\ProyectoFinal\Window.cpp(147,21): warning C4244: '=': conversión de 'double' a 'GLfloat'; posible pérdida de datos
C:\Users\Asus\Desktop\Todo\Git Programming 2\ProyectoFinal_LabCG02\ProyectoFinal\ProyectoFinal\Window.cpp(148,21): warning C4244: '=': conversión de 'double' a 'GLfloat'; posible pérdida de datos
  Generando código...
C:\Users\Asus\Desktop\Todo\Git Programming 2\ProyectoFinal_LabCG02\ProyectoFinal\ProyectoFinal\Window.cpp(75,1): warning C4715: 'Window::Initialise': no todas las rutas de acceso de control devuelven un valor
Shader_m.obj : error LNK2005: ya se definió "public: __cdecl Shader::Shader(void)" (??0Shader@@QEAA@XZ) en Shader_light.obj
Shader_m.obj : error LNK2005: ya se definió "public: __cdecl Shader::~Shader(void)" (??1Shader@@QEAA@XZ) en Shader_light.obj
Shader_m.obj : error LNK2005: ya se definió "private: void __cdecl Shader::AddShader(unsigned int,char const *,unsigned int)" (?AddShader@Shader@@AEAAXIPEBDI@Z) en Shader_light.obj
Shader_m.obj : error LNK2005: ya se definió "public: void __cdecl Shader::ClearShader(void)" (?ClearShader@Shader@@QEAAXXZ) en Shader_light.obj
Shader_m.obj : error LNK2005: ya se definió "private: void __cdecl Shader::CompileShader(char const *,char const *)" (?CompileShader@Shader@@AEAAXPEBD0@Z) en Shader_light.obj
Shader_m.obj : error LNK2005: ya se definió "public: void __cdecl Shader::CreateFromFiles(char const *,char const *)" (?CreateFromFiles@Shader@@QEAAXPEBD0@Z) en Shader_light.obj
Shader_m.obj : error LNK2005: ya se definió "public: void __cdecl Shader::CreateFromString(char const *,char const *)" (?CreateFromString@Shader@@QEAAXPEBD0@Z) en Shader_light.obj
Shader_m.obj : error LNK2005: ya se definió "public: unsigned int __cdecl Shader::GetModelLocation(void)" (?GetModelLocation@Shader@@QEAAIXZ) en Shader_light.obj
Shader_m.obj : error LNK2005: ya se definió "public: unsigned int __cdecl Shader::GetProjectionLocation(void)" (?GetProjectionLocation@Shader@@QEAAIXZ) en Shader_light.obj
Shader_m.obj : error LNK2005: ya se definió "public: unsigned int __cdecl Shader::GetViewLocation(void)" (?GetViewLocation@Shader@@QEAAIXZ) en Shader_light.obj
Shader_m.obj : error LNK2005: ya se definió "public: class std::basic_string<char,struct std::char_traits<char>,class std::allocator<char> > __cdecl Shader::ReadFile(char const *)" (?ReadFile@Shader@@QEAA?AV?$basic_string@DU?$char_traits@D@std@@V?$allocator@D@2@@std@@PEBD@Z) en Shader_light.obj
Shader_m.obj : error LNK2005: ya se definió "public: void __cdecl Shader::UseShader(void)" (?UseShader@Shader@@QEAAXXZ) en Shader_light.obj
Shader_m.obj : error LNK2005: ya se definió "public: unsigned int __cdecl Shader::getColorLocation(void)" (?getColorLocation@Shader@@QEAAIXZ) en Shader_light.obj
LINK : warning LNK4098: la biblioteca predeterminada'MSVCRT' entra en conflicto con otras bibliotecas; use la biblioteca /NODEFAULTLIB:biblioteca
C:\Users\Asus\Desktop\Todo\Git Programming 2\ProyectoFinal_LabCG02\ProyectoFinal\ProyectoFinal\x64\Debug\ProyectoFinal.exe : fatal error LNK1169: se encontraron uno o más símbolos definidos simultáneamente
